<?xml version="1.0" encoding="UTF-8"?>
<!-- Generated by org.testng.reporters.JUnitReportReporter -->
<testsuite skipped="0" hostname="Shiv" name="testng.PrintMessages" tests="1" failures="0" timestamp="01 Apr 2019 16:03:30 GMT" time="0.016" errors="0">
  <testcase name="print" time="0.016" classname="testng.PrintMessages"/>
</testsuite> <!-- testng.PrintMessages -->
